<?xml version="1.0" encoding="UTF-8"?>
<!-- Generated by org.testng.reporters.JUnitXMLReporter -->
<testsuite hostname="dell" name="Test" tests="2" failures="1" timestamp="21 Oct 2018 17:20:49 GMT" time="14.524" errors="0">
  <testcase name="Sucessfullogin" time="13.912" classname="pack1.Testclass">
    <failure type="java.lang.AssertionError" message="expected [true] but found [false]">
      <![CDATA[java.lang.AssertionError: expected [true] but found [false]
	at pack1.Testclass.Sucessfullogin(Testclass.java:40)
... Removed 28 stack frames]]>
    </failure>
  </testcase> <!-- Sucessfullogin -->
  <testcase name="functionality1Test3" time="0.006" classname="pack1.Testclass"/>
</testsuite> <!-- Test -->
